Build started 01.06.2016 22:07:56.
     1>Project "C:\Users\dvpermyakov\Documents\University\Course work 4\OpenGL\OpenGL\OpenGL.vcxproj" on node 2 (Build target(s)).
     1>ClCompile:
         C:\Program Files (x86)\Microsoft Visual Studio 12.0\VC\bin\CL.exe /c /ZI /nologo /W3 /WX- /Od /Oy- /D WIN32 /D _DEBUG /D _WINDOWS /Gm /EHsc /RTC1 /MDd /GS /fp:precise /Zc:wchar_t /Zc:forScope /Fo"Debug\\" /Fd"Debug\vc120.pdb" /Gd /TP /analyze- /errorReport:prompt Granule.cpp
         Granule.cpp
     1>c:\users\dvpermyakov\documents\university\course work 4\opengl\opengl\geometry.h(38): warning C4244: 'initializing' : conversion from 'double' to 'const float', possible loss of data
     1>c:\users\dvpermyakov\documents\university\course work 4\opengl\opengl\geometry.h(39): warning C4244: 'initializing' : conversion from 'double' to 'const int', possible loss of data
     1>c:\users\dvpermyakov\documents\university\course work 4\opengl\opengl\granule.cpp(24): warning C4018: '<' : signed/unsigned mismatch
     1>c:\users\dvpermyakov\documents\university\course work 4\opengl\opengl\granule.cpp(29): warning C4018: '<' : signed/unsigned mismatch
     1>c:\users\dvpermyakov\documents\university\course work 4\opengl\opengl\granule.cpp(40): warning C4018: '<' : signed/unsigned mismatch
     1>c:\users\dvpermyakov\documents\university\course work 4\opengl\opengl\granule.cpp(48): warning C4018: '<' : signed/unsigned mismatch
     1>c:\users\dvpermyakov\documents\university\course work 4\opengl\opengl\granule.cpp(51): warning C4018: '<' : signed/unsigned mismatch
     1>c:\users\dvpermyakov\documents\university\course work 4\opengl\opengl\granule.cpp(59): warning C4018: '<' : signed/unsigned mismatch
     1>c:\users\dvpermyakov\documents\university\course work 4\opengl\opengl\granule.cpp(71): warning C4018: '<' : signed/unsigned mismatch
     1>c:\users\dvpermyakov\documents\university\course work 4\opengl\opengl\granule.cpp(75): warning C4018: '<' : signed/unsigned mismatch
     1>c:\users\dvpermyakov\documents\university\course work 4\opengl\opengl\granule.cpp(299): warning C4018: '<' : signed/unsigned mismatch
     1>c:\users\dvpermyakov\documents\university\course work 4\opengl\opengl\granule.cpp(355): warning C4018: '<' : signed/unsigned mismatch
     1>c:\users\dvpermyakov\documents\university\course work 4\opengl\opengl\granule.cpp(366): warning C4018: '<' : signed/unsigned mismatch
     1>c:\users\dvpermyakov\documents\university\course work 4\opengl\opengl\granule.cpp(380): warning C4018: '<' : signed/unsigned mismatch
     1>c:\users\dvpermyakov\documents\university\course work 4\opengl\opengl\granule.cpp(390): warning C4018: '<' : signed/unsigned mismatch
     1>c:\users\dvpermyakov\documents\university\course work 4\opengl\opengl\granule.cpp(396): warning C4018: '<' : signed/unsigned mismatch
     1>c:\users\dvpermyakov\documents\university\course work 4\opengl\opengl\granule.cpp(414): warning C4018: '<' : signed/unsigned mismatch
     1>c:\users\dvpermyakov\documents\university\course work 4\opengl\opengl\granule.cpp(418): warning C4018: '<' : signed/unsigned mismatch
     1>c:\users\dvpermyakov\documents\university\course work 4\opengl\opengl\granule.cpp(422): warning C4018: '<' : signed/unsigned mismatch
     1>c:\users\dvpermyakov\documents\university\course work 4\opengl\opengl\granule.cpp(443): warning C4018: '<' : signed/unsigned mismatch
     1>c:\users\dvpermyakov\documents\university\course work 4\opengl\opengl\granule.cpp(446): warning C4018: '<' : signed/unsigned mismatch
     1>c:\users\dvpermyakov\documents\university\course work 4\opengl\opengl\granule.cpp(460): warning C4018: '<' : signed/unsigned mismatch
     1>c:\users\dvpermyakov\documents\university\course work 4\opengl\opengl\granule.cpp(468): warning C4018: '<' : signed/unsigned mismatch
     1>c:\users\dvpermyakov\documents\university\course work 4\opengl\opengl\granule.cpp(483): warning C4018: '<' : signed/unsigned mismatch
     1>c:\users\dvpermyakov\documents\university\course work 4\opengl\opengl\granule.cpp(484): warning C4018: '<' : signed/unsigned mismatch
     1>c:\users\dvpermyakov\documents\university\course work 4\opengl\opengl\granule.cpp(500): warning C4018: '<' : signed/unsigned mismatch
     1>c:\users\dvpermyakov\documents\university\course work 4\opengl\opengl\granule.cpp(520): warning C4018: '<' : signed/unsigned mismatch
     1>c:\users\dvpermyakov\documents\university\course work 4\opengl\opengl\granule.cpp(528): warning C4018: '<' : signed/unsigned mismatch
     1>c:\users\dvpermyakov\documents\university\course work 4\opengl\opengl\granule.cpp(536): warning C4018: '<' : signed/unsigned mismatch
     1>c:\users\dvpermyakov\documents\university\course work 4\opengl\opengl\granule.cpp(544): warning C4018: '<' : signed/unsigned mismatch
         GLM: rotate function taking degrees as a parameter is deprecated. #define GLM_FORCE_RADIANS before including GLM headers to remove this message.
       Link:
         C:\Program Files (x86)\Microsoft Visual Studio 12.0\VC\bin\link.exe /ERRORREPORT:PROMPT /OUT:"C:\Users\dvpermyakov\Documents\University\Course work 4\OpenGL\Debug\OpenGL.exe" /INCREMENTAL /NOLOGO kernel32.lib user32.lib gdi32.lib winspool.lib comdlg32.lib advapi32.lib shell32.lib ole32.lib oleaut32.lib uuid.lib odbc32.lib odbccp32.lib /MANIFEST /MANIFESTUAC:"level='asInvoker' uiAccess='false'" /manifest:embed /DEBUG /PDB:"C:\Users\dvpermyakov\Documents\University\Course work 4\OpenGL\Debug\OpenGL.pdb" /SUBSYSTEM:WINDOWS /TLBID:1 /DYNAMICBASE /NXCOMPAT /IMPLIB:"C:\Users\dvpermyakov\Documents\University\Course work 4\OpenGL\Debug\OpenGL.lib" /MACHINE:X86 Debug\Audio.obj
         Debug\Buffer.obj
         Debug\Bullet.obj
         Debug\Camera.obj
         Debug\Environment.obj
         Debug\Geometry.obj
         Debug\Granule.obj
         Debug\Ground.obj
         Debug\Light.obj
         Debug\Model.obj
         Debug\ParticleSystem.obj
         Debug\Physics.obj
         Debug\Picking.obj
         Debug\Rendering.obj
         Debug\Screen.obj
         Debug\ShaderProgram.obj
         Debug\Shadow.obj
         Debug\Sky.obj
         Debug\Text.obj
         Debug\Texture.obj
         Debug\UserInterface.obj
         Debug\WindowApp.obj
         Debug\GLControl.obj
         OpenGL.vcxproj -> C:\Users\dvpermyakov\Documents\University\Course work 4\OpenGL\Debug\OpenGL.exe
     1>Done Building Project "C:\Users\dvpermyakov\Documents\University\Course work 4\OpenGL\OpenGL\OpenGL.vcxproj" (Build target(s)).

Build succeeded.

Time Elapsed 00:00:21.44
